<?xml version="1.0" encoding="UTF-8"?>
<!-- Generated by org.testng.reporters.JUnitReportReporter -->
<testsuite hostname="NTT-6LQ2R73" failures="0" tests="1" name="com.NRMA.qa.Utilities.TestUtil" time="0.033" errors="0" timestamp="2021-06-06T08:21:27 IST" skipped="0">
  <testcase classname="com.NRMA.qa.Utilities.TestUtil" name="getFutureDate" time="0.033"/>
  <system-out/>
</testsuite> <!-- com.NRMA.qa.Utilities.TestUtil -->
